Dec 01 05:24 : update: added sets/ASOT_Ep_635.mp3
Dec 01 05:24 : update: added sets/01 Armin Van Buuren - A State Of Trance 2013 (Cd 1).mp3
Dec 01 05:24 : update: added sets/Becoming One November 2013.mp3
Dec 01 05:24 : update: added sets/02 Giuseppe Ottaviani - Solarstone Presents Pure Trance 2 (Mix 2).mp3
Dec 01 05:24 : update: added sets/01 Solarstone - Solarstone Presents Pure Trance 2 (Mix 1).mp3
Dec 01 05:24 : update: added sets/02 Armin Van Buuren - A State Of Trance 2013 (Cd 2).mp3
Dec 01 05:24 : update: added tracks/playlist/Rex Mundi - Bella Monaco.mp3
Dec 01 05:24 : update: added tracks/playlist/Lange &amp; Cate Kanell - Fireflies (Original Mix).mp3
Dec 01 05:24 : update: added tracks/playlist/Suspect 44 - Amazing (Original Mix).mp3
Dec 01 05:24 : update: added tracks/playlist/Mat Zo - Faint Of Heart (Original Mix) [Smu[th] Digital].mp3
Dec 01 05:24 : update: added tracks/playlist/Aerium - Horizons (Solarstone Retouch).mp3
Dec 01 05:24 : update: added tracks/playlist/Rush - Sied Van Riel.mp3
Dec 01 05:24 : update: added tracks/playlist/ECO - A Cry To The Moon (Original Mix).mp3
Dec 01 05:24 : update: added tracks/playlist/ASOT 2005: Kyau Vs Albert - Made Of Sun.mp3
Dec 01 05:24 : update: added tracks/playlist/Paul Oakenfold - Southern Sun ( DJ Tiesto Remix ).mp3
Dec 01 05:24 : update: added tracks/playlist/Alexandre Bergheau - Damavand (Original Mix).mp3
Dec 01 05:24 : update: added tracks/playlist/Triple A - Winter Stayed (Armin van Buuren Remix).mp3
Dec 01 05:24 : update: added tracks/playlist/Alex M.O.R.P.H. feat. Natalie Gioia - Dreams (Original Club Mix).mp3
Dec 01 05:24 : update: added tracks/playlist/Zoo Brazil featuring Philip - Heart's A Legend (Solarstone Pure Remix).mp3
Dec 01 05:24 : update: added tracks/playlist/Driftmoon  -  Drifter (Original Mix).mp3
Dec 01 05:24 : update: added tracks/playlist/Delerium-Underwater (Above &amp; Beyond 21st Century Mix).mp3
Dec 01 05:24 : update: added tracks/playlist/BT - Every Other Way (Armin Van Buuren Remix).mp3
Dec 01 05:24 : update: added tracks/playlist/Mark Sixma   Character Original Mix).mp3
Dec 01 05:24 : update: added tracks/playlist/Kai Tracid - I can read Your mind (1999) HQ.mp3
Dec 01 05:24 : update: added tracks/playlist/RAM - RAMsterdam [Jorn van Deynhoven Remix].mp3
Dec 01 05:24 : update: added tracks/playlist/John O'Callaghan - Riders Of Rohan (Original Mix).mp3
Dec 01 05:24 : avahi: Service 'Music Player' successfully established.
Dec 01 05:24 : update: added tracks/playlist/Craig Connelly & Christina Novelli - Black Hole (Jorn Van Deynhoven Remix) [Garuda].mp3
Dec 01 05:24 : update: added tracks/playlist/Solarstone - Seven Cities (Solarstone Pure Mix).mp3
Dec 01 05:24 : update: added tracks/playlist/Darren Porter &amp; Ferry Tayle - Neptune's Return (Original Mix) [Tytanium Recordings] HD 720p.mp3
Dec 01 05:24 : update: added tracks/Pure Trance V2 (Mixed By Solarstone & Giuseppe Ottaviani) (Inspiron)/CD 2/16 Alex Matteo - Prophecy.mp3
Dec 01 05:24 : update: added tracks/Pure Trance V2 (Mixed By Solarstone & Giuseppe Ottaviani) (Inspiron)/CD 2/32 Aero 21 - Performance.mp3
Dec 01 05:24 : update: added tracks/Pure Trance V2 (Mixed By Solarstone & Giuseppe Ottaviani) (Inspiron)/CD 2/29 Giuseppe Ottaviani - Waiting On Someday (Feat Vitamin B - Onair Mix Edit).mp3
Dec 01 05:24 : update: added tracks/Pure Trance V2 (Mixed By Solarstone & Giuseppe Ottaviani) (Inspiron)/CD 2/31 Joey Chilson - Lost & Found.mp3
Dec 01 05:24 : update: added tracks/Pure Trance V2 (Mixed By Solarstone & Giuseppe Ottaviani) (Inspiron)/CD 2/26 John O'callaghan - Big Sky (Feat Audrey Gallagher - Radio Edit).mp3
Dec 01 05:24 : update: added tracks/Pure Trance V2 (Mixed By Solarstone & Giuseppe Ottaviani) (Inspiron)/CD 2/20 Andrea Mazza - This Perfect Night (Feat Hysteria!  - Original Mix Edit).mp3
Dec 01 05:24 : update: added tracks/Pure Trance V2 (Mixed By Solarstone & Giuseppe Ottaviani) (Inspiron)/CD 2/17 Darren Tate - All I Am.mp3
Dec 01 05:24 : update: added tracks/Pure Trance V2 (Mixed By Solarstone & Giuseppe Ottaviani) (Inspiron)/CD 2/33 Will Atkinson - Hermosa.mp3
Dec 01 05:24 : update: added tracks/Pure Trance V2 (Mixed By Solarstone & Giuseppe Ottaviani) (Inspiron)/CD 2/28 Giuseppe Ottaviani, Aly & Fila - Brilliant People (Sneijder Remix Edit).mp3
Dec 01 05:24 : update: added tracks/Pure Trance V2 (Mixed By Solarstone & Giuseppe Ottaviani) (Inspiron)/CD 2/30 James Dymond - Carbon.mp3
Dec 01 05:24 : update: added tracks/Pure Trance V2 (Mixed By Solarstone & Giuseppe Ottaviani) (Inspiron)/CD 2/21 John Mash - Metamorphosi (Original Mix Edit).mp3
Dec 01 05:24 : update: added tracks/Pure Trance V2 (Mixed By Solarstone & Giuseppe Ottaviani) (Inspiron)/CD 2/23 Marynus Revert - Scent Of My Dreams.mp3
Dec 01 05:24 : update: added tracks/Pure Trance V2 (Mixed By Solarstone & Giuseppe Ottaviani) (Inspiron)/CD 2/18 Sied Van Riel - 8 Decades (Original Mix Edit).mp3
Dec 01 05:24 : update: added tracks/Pure Trance V2 (Mixed By Solarstone & Giuseppe Ottaviani) (Inspiron)/CD 2/19 Colonial One - Atlas.mp3
Dec 01 05:24 : update: added tracks/Pure Trance V2 (Mixed By Solarstone & Giuseppe Ottaviani) (Inspiron)/CD 2/22 Alexandre Bergheau & Alex Wackii - French Kiss.mp3
Dec 01 05:24 : update: added tracks/Pure Trance V2 (Mixed By Solarstone & Giuseppe Ottaviani) (Inspiron)/CD 2/24 Andain - You Once Told Me (Agnelli & Nelson Remix).mp3
Dec 01 05:24 : update: added tracks/Pure Trance V2 (Mixed By Solarstone & Giuseppe Ottaviani) (Inspiron)/CD 2/27 John O'callaghan - I Believe (Feat Erica Curran - Giuseppe Ottaviani Remix).mp3
Dec 01 05:24 : update: added tracks/Pure Trance V2 (Mixed By Solarstone & Giuseppe Ottaviani) (Inspiron)/CD 2/25 Stuart Millar - Always A Moment.mp3
Dec 01 05:24 : update: added tracks/Pure Trance V2 (Mixed By Solarstone & Giuseppe Ottaviani) (Inspiron)/CD 1/04 Elfsong - Seldarine (Original Mix Edit).mp3
Dec 01 05:24 : update: added tracks/Pure Trance V2 (Mixed By Solarstone & Giuseppe Ottaviani) (Inspiron)/CD 1/14 Suncatcher - Are We There Yet (Radio Edit).mp3
Dec 01 05:24 : update: added tracks/Pure Trance V2 (Mixed By Solarstone & Giuseppe Ottaviani) (Inspiron)/CD 1/09 Solarstone - Love Theme From Blade Runner (Pure Mix Edit).mp3
Dec 01 05:24 : update: added tracks/Pure Trance V2 (Mixed By Solarstone & Giuseppe Ottaviani) (Inspiron)/CD 1/11 Driftmoon - Howl At The Moon (Solarstone Retouch Edit).mp3
Dec 01 05:24 : update: added tracks/Pure Trance V2 (Mixed By Solarstone & Giuseppe Ottaviani) (Inspiron)/CD 1/08 Zoo Brazil - Heart's A Legend (Feat Philip - Solarstone Pure Mix).mp3
Dec 01 05:24 : update: added tracks/Pure Trance V2 (Mixed By Solarstone & Giuseppe Ottaviani) (Inspiron)/CD 1/12 John O'callaghan - I'll Follow (Featria - Solarstone Pure Dub Retouch).mp3
Dec 01 05:24 : update: added tracks/Pure Trance V2 (Mixed By Solarstone & Giuseppe Ottaviani) (Inspiron)/CD 1/10 Future Disciple - Kwiwakurra (Original Mix Edit).mp3
Dec 01 05:24 : update: added tracks/Pure Trance V2 (Mixed By Solarstone & Giuseppe Ottaviani) (Inspiron)/CD 1/06 Walsh & Mcauley - Ashgrove Throne (Original Mix Edit).mp3
Dec 01 05:24 : update: added tracks/Pure Trance V2 (Mixed By Solarstone & Giuseppe Ottaviani) (Inspiron)/CD 1/07 Mike - Respire (Solarstone Retouch Edit).mp3
Dec 01 05:24 : update: added tracks/Pure Trance V2 (Mixed By Solarstone & Giuseppe Ottaviani) (Inspiron)/CD 1/03 Solarstone - Lovers (Feat Lemon - Pure Mix Edit).mp3
Dec 01 05:24 : update: added tracks/Pure Trance V2 (Mixed By Solarstone & Giuseppe Ottaviani) (Inspiron)/CD 1/05 Alex Morph - Eternal Flame (Solarstone Pure Radio Edit).mp3
Dec 01 05:24 : update: added tracks/Pure Trance V2 (Mixed By Solarstone & Giuseppe Ottaviani) (Inspiron)/CD 1/15 Franz - Emerge (Dreamy Remix).mp3
Dec 01 05:24 : update: added tracks/Pure Trance V2 (Mixed By Solarstone & Giuseppe Ottaviani) (Inspiron)/CD 1/02 Aerium - Horizons (Solarstone Retouch).mp3
Dec 01 05:24 : update: added tracks/Pure Trance V2 (Mixed By Solarstone & Giuseppe Ottaviani) (Inspiron)/CD 1/13 Ferry Corsten - Made Of Love (Feat Betsie Larkin - Radio Edit).mp3
Dec 01 05:24 : update: added tracks/Pure Trance V2 (Mixed By Solarstone & Giuseppe Ottaviani) (Inspiron)/CD 1/01 Adam Nickey - Perfect Destiny (Winkee Remix Reconstruction).mp3
Dec 01 05:24 : update: added tracks/A State Of Trance 2013 (Mixed By Armin van Buuren) (Inspiron)/CD 2/15 Heatbeat - Game Over (Radio Edit).mp3
Dec 01 05:24 : update: added tracks/A State Of Trance 2013 (Mixed By Armin van Buuren) (Inspiron)/CD 2/13 Marlo - Boom (Radio Edit).mp3
Dec 01 05:24 : update: added tracks/A State Of Trance 2013 (Mixed By Armin van Buuren) (Inspiron)/CD 2/07 John O'callaghan & Full Tilt - Breathe (Feat. Karen Kelly) [Radio Edit].mp3
Dec 01 05:24 : update: added tracks/A State Of Trance 2013 (Mixed By Armin van Buuren) (Inspiron)/CD 2/14 Frans Bak - The Killing (Armin Van Buuren Radio Edit).mp3
Dec 01 05:24 : update: added tracks/A State Of Trance 2013 (Mixed By Armin van Buuren) (Inspiron)/CD 2/08 Armin Van Buuren & Gaia - Humming The Lights (Radio Edit).mp3
Dec 01 05:24 : update: added tracks/A State Of Trance 2013 (Mixed By Armin van Buuren) (Inspiron)/CD 2/03 Armin Van Buuren & Markus Schulz - The Expedition (A State Of Trance 600 Anthem) [Radio Edit].mp3
Dec 01 05:24 : update: added tracks/A State Of Trance 2013 (Mixed By Armin van Buuren) (Inspiron)/CD 2/12 Jorn Van Deynhoven - Superfly (Radio Edit).mp3
Dec 01 05:24 : update: added tracks/A State Of Trance 2013 (Mixed By Armin van Buuren) (Inspiron)/CD 2/17 Andain - What It's Like (Sneijder Radio Edit).mp3
Dec 01 05:24 : update: added tracks/A State Of Trance 2013 (Mixed By Armin van Buuren) (Inspiron)/CD 2/01 Alexander Popov - Lost Language (Intro Mix Edit).mp3
Dec 01 05:24 : update: added tracks/A State Of Trance 2013 (Mixed By Armin van Buuren) (Inspiron)/CD 2/02 Armin Van Buuren & W&W - D# Fat (Radio Edit).mp3
Dec 01 05:24 : update: added tracks/A State Of Trance 2013 (Mixed By Armin van Buuren) (Inspiron)/CD 2/06 Ayda - Caesar (Radio Edit).mp3
Dec 01 05:24 : update: added tracks/A State Of Trance 2013 (Mixed By Armin van Buuren) (Inspiron)/CD 2/10 Andrew Rayel - Musa (Radio Edit).mp3
Dec 01 05:24 : update: added tracks/A State Of Trance 2013 (Mixed By Armin van Buuren) (Inspiron)/CD 2/16 Bjorn Akesson - Gunsmoke (Radio Edit).mp3
Dec 01 05:24 : update: added tracks/A State Of Trance 2013 (Mixed By Armin van Buuren) (Inspiron)/CD 2/09 Rank 1 & M.I.K.E. - Elements Of Nature (Radio Edit).mp3
Dec 01 05:24 : update: added tracks/A State Of Trance 2013 (Mixed By Armin van Buuren) (Inspiron)/CD 2/11 Ram & Alex M.O.R.P.H. - Grotesque (Radio Edit).mp3
Dec 01 05:24 : update: added tracks/A State Of Trance 2013 (Mixed By Armin van Buuren) (Inspiron)/CD 2/05 Alex M.O.R.P.H. - New York City (Radio Edit).mp3
Dec 01 05:24 : update: added tracks/A State Of Trance 2013 (Mixed By Armin van Buuren) (Inspiron)/CD 2/04 Ana Criado & Adrian&Raz - Dancing Sea (Ayda Radio Edit).mp3
Dec 01 05:24 : update: added tracks/A State Of Trance 2013 (Mixed By Armin van Buuren) (Inspiron)/CD 1/11 Super8 & Tab - Teardrops (Radio Edit).mp3
Dec 01 05:24 : update: added tracks/A State Of Trance 2013 (Mixed By Armin van Buuren) (Inspiron)/CD 1/10 Myon & Shane 54 & Aruna - Lights (Radio Edit).mp3
Dec 01 05:24 : update: added tracks/A State Of Trance 2013 (Mixed By Armin van Buuren) (Inspiron)/CD 1/09 Dart Rayne, Yura Moonlight & Cate Kanell - Shelter Me (Radio Edit).mp3
Dec 01 05:24 : update: added tracks/A State Of Trance 2013 (Mixed By Armin van Buuren) (Inspiron)/CD 1/14 Armin Van Buuren - Waiting For The Night (Feat. Fiora) [Beat Service Remix Edit].mp3
Dec 01 05:24 : update: added tracks/A State Of Trance 2013 (Mixed By Armin van Buuren) (Inspiron)/CD 1/03 Bt - Skylarking (Radio Edit).mp3
Dec 01 05:24 : update: added tracks/A State Of Trance 2013 (Mixed By Armin van Buuren) (Inspiron)/CD 1/15 Protoculture - Laguna (Radio Edit).mp3
Dec 01 05:24 : update: added tracks/A State Of Trance 2013 (Mixed By Armin van Buuren) (Inspiron)/CD 1/12 Villanaranjos - Jalсѓn (Radio Edit).mp3
Dec 01 05:24 : update: added tracks/A State Of Trance 2013 (Mixed By Armin van Buuren) (Inspiron)/CD 1/08 Aly & Fila - Speed Of Sound (Feat. Tricia Mcteague) [Radio Edit].mp3
Dec 01 05:24 : update: added tracks/A State Of Trance 2013 (Mixed By Armin van Buuren) (Inspiron)/CD 1/06 The Blizzard & Daniel Van Sand - Made For You (Feat. Julie Thompson) [Radio Edit].mp3
Dec 01 05:24 : update: added tracks/A State Of Trance 2013 (Mixed By Armin van Buuren) (Inspiron)/CD 1/16 Solarstone & Clare Stagg - Jewel (Pure Radio Edit).mp3
Dec 01 05:24 : update: added tracks/A State Of Trance 2013 (Mixed By Armin van Buuren) (Inspiron)/CD 1/13 Matt Bukovski - Eterna (Radio Edit).mp3
Dec 01 05:24 : update: added tracks/A State Of Trance 2013 (Mixed By Armin van Buuren) (Inspiron)/CD 1/04 Hazem Beltagui & Allan V. - We Are (Radio Edit).mp3
Dec 01 05:24 : update: added tracks/A State Of Trance 2013 (Mixed By Armin van Buuren) (Inspiron)/CD 1/07 Two&One & Sarah Russell - Dream State (Radio Edit).mp3
Dec 01 05:24 : update: added tracks/A State Of Trance 2013 (Mixed By Armin van Buuren) (Inspiron)/CD 1/02 Omnia - The Light (Radio Edit).mp3
Dec 01 05:24 : update: added tracks/A State Of Trance 2013 (Mixed By Armin van Buuren) (Inspiron)/CD 1/01 Armin Van Buuren & Arty - Nehalennia (Radio Edit).mp3
Dec 01 05:24 : update: added tracks/A State Of Trance 2013 (Mixed By Armin van Buuren) (Inspiron)/CD 1/05 Denis Kenzo - Lullaby Lonely (Feat. Sveta B.) [Progressive Mix Edit].mp3
Dec 01 05:29 : Unrecognized URI
Dec 01 05:36 : player_thread: played "tracks/A State Of Trance 2013 (Mixed By Armin van Buuren) (Inspiron)/CD 1/08 Aly & Fila - Speed Of Sound (Feat. Tricia Mcteague) [Radio Edit].mp3"
Dec 01 05:38 : Unrecognized URI
Dec 01 05:38 : Unrecognized URI
Dec 01 05:44 : Unrecognized URI
Dec 01 05:49 : avahi: Service 'Music Player' successfully established.
Dec 01 05:54 : Unrecognized URI
Dec 01 05:54 : Unrecognized URI
Dec 01 05:54 : Unrecognized URI
Dec 01 06:02 : Unrecognized URI
Dec 01 06:02 : Unrecognized URI
Dec 01 06:02 : Unrecognized URI
Dec 01 06:02 : Unrecognized URI
Dec 01 06:02 : Unrecognized URI
Dec 01 06:02 : Unrecognized URI
Dec 01 06:02 : Unrecognized URI
Dec 01 06:02 : Unrecognized URI
Dec 01 06:02 : Unrecognized URI
Dec 01 06:02 : Unrecognized URI
Dec 01 06:02 : Unrecognized URI
Dec 01 06:13 : player_thread: played "tracks/Pure Trance V2 (Mixed By Solarstone & Giuseppe Ottaviani) (Inspiron)/CD 1/08 Zoo Brazil - Heart's A Legend (Feat Philip - Solarstone Pure Mix).mp3"
Dec 01 06:17 : player_thread: played "tracks/A State Of Trance 2013 (Mixed By Armin van Buuren) (Inspiron)/CD 1/03 Bt - Skylarking (Radio Edit).mp3"
Dec 01 06:20 : player_thread: played "tracks/A State Of Trance 2013 (Mixed By Armin van Buuren) (Inspiron)/CD 1/08 Aly & Fila - Speed Of Sound (Feat. Tricia Mcteague) [Radio Edit].mp3"
